<?xml version="1.0" encoding="UTF-8"?>
<testng-results skipped="0" failed="0" ignored="0" total="1" passed="1">
  <reporter-output>
  </reporter-output>
  <suite name="Default suite" duration-ms="17493" started-at="2019-11-13T10:18:16 ICT" finished-at="2019-11-13T10:18:33 ICT">
    <groups>
    </groups>
    <test name="Default test" duration-ms="17493" started-at="2019-11-13T10:18:16 ICT" finished-at="2019-11-13T10:18:33 ICT">
      <class name="test.KtvnLoginTest">
        <test-method status="PASS" signature="beforeSuite(java.lang.String, java.lang.String)[pri:0, instance:test.KtvnLoginTest@4d95d2a2]" name="beforeSuite" is-config="true" duration-ms="169" started-at="2019-11-13T10:18:15 ICT" finished-at="2019-11-13T10:18:16 ICT">
          <params>
            <param index="0">
              <value>
                <![CDATA[chrome]]>
              </value>
            </param>
            <param index="1">
              <value>
                <![CDATA[REG]]>
              </value>
            </param>
          </params>
          <reporter-output>
          </reporter-output>
        </test-method> <!-- beforeSuite -->
        <test-method status="PASS" signature="methodSetup(java.lang.reflect.Method, java.lang.String)[pri:0, instance:test.KtvnLoginTest@4d95d2a2]" name="methodSetup" is-config="true" duration-ms="15265" started-at="2019-11-13T10:18:16 ICT" finished-at="2019-11-13T10:18:31 ICT">
          <params>
            <param index="0">
              <value>
                <![CDATA[public void test.KtvnLoginTest.testKtvnLogin()]]>
              </value>
            </param>
            <param index="1">
              <value>
                <![CDATA[chrome]]>
              </value>
            </param>
          </params>
          <reporter-output>
          </reporter-output>
        </test-method> <!-- methodSetup -->
        <test-method status="PASS" signature="testKtvnLogin()[pri:0, instance:test.KtvnLoginTest@4d95d2a2]" name="testKtvnLogin" duration-ms="2197" started-at="2019-11-13T10:18:31 ICT" finished-at="2019-11-13T10:18:33 ICT">
          <reporter-output>
          </reporter-output>
        </test-method> <!-- testKtvnLogin -->
        <test-method status="PASS" signature="afterClass()[pri:0, instance:test.KtvnLoginTest@4d95d2a2]" name="afterClass" is-config="true" duration-ms="1" started-at="2019-11-13T10:18:33 ICT" finished-at="2019-11-13T10:18:33 ICT">
          <reporter-output>
          </reporter-output>
        </test-method> <!-- afterClass -->
        <test-method status="PASS" signature="afterSuite(java.lang.String, java.lang.String)[pri:0, instance:test.KtvnLoginTest@4d95d2a2]" name="afterSuite" is-config="true" duration-ms="545" started-at="2019-11-13T10:18:33 ICT" finished-at="2019-11-13T10:18:34 ICT">
          <params>
            <param index="0">
              <value>
                <![CDATA[chrome]]>
              </value>
            </param>
            <param index="1">
              <value>
                <![CDATA[REG]]>
              </value>
            </param>
          </params>
          <reporter-output>
          </reporter-output>
        </test-method> <!-- afterSuite -->
      </class> <!-- test.KtvnLoginTest -->
    </test> <!-- Default test -->
  </suite> <!-- Default suite -->
</testng-results>
